<?xml version="1.0" encoding="UTF-8"?>
<testsuite name="SILab2Test" tests="3" skipped="0" failures="0" errors="0" timestamp="2020-05-29T23:10:21" hostname="DESKTOP-D9K04FK" time="0.025">
  <properties/>
  <testcase name="everyBranchFunctionTest()" classname="SILab2Test" time="0.02"/>
  <testcase name="everyPathFunctionTest()" classname="SILab2Test" time="0.002"/>
  <testcase name="multipleConditionTest()" classname="SILab2Test" time="0.002"/>
  <system-out><![CDATA[]]></system-out>
  <system-err><![CDATA[]]></system-err>
</testsuite>
